=~=~=~=~=~=~=~=~=~=~=~= PuTTY log 2020.07.10 23:07:29 =~=~=~=~=~=~=~=~=~=~=~=
7397407
7406
7406
7406
7406
7407
7406
7407
7406
7406
7391
7393
7393
7394
7395
7398
7399
7402
7404
7406
7410
7414
7418
7421
7424
7426
7427
7425
7423
7420
7419
7423
7427
7430
7434
7438
7443
7449
7457
7464
7468
7468
7467
7467
7467
7467
7467
7468
7468
7468
7468
7469
7469
7469
7469
7470
7470
7470
7470
7469
7470
7470
7470
7470
7469
7469
7469
7469
7468
7468
7468
7473
7478
7484
7484
7484
7458
7347
7194
7041
6882
6718
6554
6389
6230
6066
5926
5873
5860
5848
5843
5836
5829
5817
5805
5799
5793
5789
5783
5777
5771
5766
5761
5761
5761
5761
5761
5761
5760
5760
5760
5761
5761
5760
5760
5760
5758
5752
5747
5741
5738
5732
5726
5720
5714
5708
5704
5704
5703
5703
5700
5700
5701
5701
5701
5701
5701
5701
5700
5700
5700
5700
5700
5700
5700
5699
5700
5700
5700
5701
5700
5700
5700
5700
5700
5700
5700
5699
5700
5700
5700
5701
5701
5700
5701
5701
5701
5701
5701
5701
5701
5700
5701
5700
5701
5701
5700
5700
5701
5701
5701
5700
5700
5700
5700
5700
5700
5759
5883
6004
6130
6259
6394
6535
6682
6829
6973
7055
7072
7092
7106
7118
7125
7125
7119
7113
7110
7110
7110
7110
7110
7110
7109
7109
7108
7114
7120
7126
7131
7137
7143
7149
7155
7161
7167
7167
7167
7167
7167
7168
7167
7167
7168
7167
7168
7168
7168
7168
7168
7168
7168
7168
7168
7168
7174
7200
7230
7260
7289
7303
7252
7126
6998
6869
6734
6578
6420
6261
6103
5961
5883
5874
5867
5861
5855
5849
5842
5836
5830
5824
5818
5818
5818
5818
5816
5816
5813
5813
5811
5806
5804
5798
5792
5786
5782
5775
5773
5767
5763
5762
5757
5758
5758
5758
5758
5758
5758
5758
5758
5758
5758
5758
5758
5758
5758
5759
5759
5759
5760
5760
5760
5760
5760
5760
5761
5760
5760
5761
5760
5760
5760
5760
5760
5761
5833
5967
6069
6192
6321
6445
6568
6697
6828
6962
7024
7025
7055
7063
7067
7074
7084
7084
7088
7088
7088
7088
7091
7095
7097
7101
7103
7109
7109
7108
7108
7108
7109
7108
7108
7109
7109
7109
7109
7109
7109
7109
7109
7110
7110
7112
7112
7114
7116
7122
7128
7131
7135
7140
7145
7149
7152
7155
7159
7160
7159
7162
7165
7165
7165
7165
7169
7183
7200
7217
7235
7243
7167
7038
6909
6780
6651
6506
6355
6203
6051
5908
5848
5842
5836
5830
5823
5820
5817
5816
5810
5804
5798
5792
5786
5780
5775
5769
5764
5759
5759
5760
5760
5760
5760
5761
5760
5760
5760
5760
5759
5759
5759
5759
5759
5758
5758
5759
5759
5759
5759
5759
5759
5759
5753
5753
5751
5750
5751
5749
5748
5742
5742
5736
5736
5731
5727
5722
5716
5711
5707
5707
5701
5700
5700
5699
5699
5699
5699
5699
5699
5699
5699
5699
5699
5699
5699
5700
5700
5700
5700
5700
5701
5701
5701
5701
5701
5700
5700
5700
5700
5700
5700
5732
5892
6006
6143
6290
6437
6583
6730
6876
7023
7138
7125
7158
7168
7168
7167
7167
7167
7167
7167
7167
7166
7166
7166
7167
7166
7167
7166
7167
7167
7167
7167
7167
7167
7167
7167
7167
7167
7167
7167
7167
7167
7167
7166
7166
7166
7167
7167
7166
7166
7166
7167
7167
7167
7166
7167
7167
7167
7167
7167
7167
7167
7167
7168
7168
7168
7168
7168
7168
7174
7192
7215
7237
7260
7268
7184
7056
6927
6798
6667
6520
6369
6217
6065
5928
5882
5881
5881
5881
5872
5865
5859
5853
5847
5841
5835
5830
5824
5818
5817
5818
5817
5817
5818
5818
5818
5817
5818
5818
5818
5818
5818
5818
5817
5817
5815
5815
5808
5808
5805
5799
5793
5787
5782
5776
5773
5767
5767
5762
5759
5759
5759
5759
5760
5760
5759
5759
5760
5759
5759
5760
5760
5759
5759
5759
5759
5759
5759
5760
5759
5759
5759
5759
5759
5759
5759
5759
5759
5759
5759
5759
5759
5759
5759
5759
5759
5759
5759
5759
5758
5759
5758
5758
5759
5759
5759
5759
5759
5759
5760
5760
5857
5991
6103
6236
6367
6502
6637
6772
6906
7041
7077
7079
7102
7103
7109
7115
7116
7120
7120
7123
7131
7136
7142
7148
7151
7151
7156
7158
7164
7167
7167
7167
7166
7167
7166
7167
7167
7167
7167
7167
7168
7168
7168
7167
7170
7176
7176
7176
7179
7185
7187
7188
7189
7191
7191
7190
7195
7199
7198
7198
7202
7206
7211
7215
7218
7219
7220
7221
7225
7224
7224
7224
7224
7224
7224
7225
7224
7224
7224
7224
7225
7225
7225
7225
7225
7225
7225
7225
7225
7224
7224
7224
7223
7223
7223
7224
7223
7224
7224
7224
7224
7224
7224
7224
7224
7224
7224
7224
7224
7224
7225
7224
7224
7224
7224
7224
7224
7224
7225
7225
7231
7249
7266
7283
7295
7257
7137
7008
6873
6738
6597
6445
6293
6134
5982
5879
5858
5847
5841
5835
5829
5821
5811
5805
5800
5794
5788
5781
5776
5770
5764
5759
5758
5758
5758
5758
5758
5758
5758
5758
5758
5759
5759
5759
5760
5759
5759
5760
5758
5755
5753
5751
5744
5744
5908
6021
6138
6270
6319
6336
6344
6352
6364
6474
6514
6536
6623
6674
6826
6999
7082
7117
7148
7073
6905
6814
6866
6873
6859
6888
7011
7180
7329
7372
7390
7393
7184
7041
6921
7046
6992
7006
7043
7192
7366
7546
7721
7889
7955
7681
7583
7411
7232
7042
6850
6653
6462
6282
6181
6143
6114
6090
6083
6081
6082
6087
6090
6091
6097
6102
6108
6114
6114
6114
6114
6114
6114
6114
6114
6114
6114
6114
6115
6115
6114
6115
6115
6115
6115
6115
6116
6116
6115
6109
6108
6104
6101
6094
6089
6083
6077
6071
6065
6065
6061
6058
6056
6056
6054
6055
6055
6055
6061
6067
6073
6079
6093
6231
6415
6596
6788
6981
7173
7365
7551
7738
7916
7965
7968
7973
7972
7972
7967
7961
7962
7961
7962
7967
7973
7979
7979
7979
7979
7979
7979
7979
7979
7979
7979
7979
7979
7979
7979
7979
7979
7978
7978
7979
7979
7980
7979
7980
7979
7984
8008
8045
8083
8126
8131
8011
7855
7698
7541
7374
7187
6988
6787
6581
6413
6365
6352
6341
6329
6322
6316
6310
6304
6298
6292
6291
6291
6291
6291
6290
6286
6283
6277
6272
6266
6260
6255
6249
6243
6238
6237
6234
6234
6234
6234
6234
6234
6234
6233
6233
6233
6233
6233
6233
6233
6232
6233
6233
6233
6233
6233
6233
6234
6234
6234
6234
6234
6233
6233
6233
6232
6229
6225
6221
6221
6219
6219
6216
6211
6206
6202
6200
6201
6199
6197
6193
6187
6189
6188
6188
6186
6232
6426
6578
6760
6951
7143
7331
7523
7714
7907
8053
8048
8087
8094
8090
8090
8091
8091
8091
8091
8091
8090
8091
8091
8095
8095
8095
8095
8095
8095
8095
8095
8095
8094
8094
8094
8094
8095
8095
8094
8094
8094
8094
8095
8095
8095
8094
8094
8094
8095
8095
8095
8094
8099
8103
8119
8143
8171
8196
8221
8238
8197
8043
7871
7698
7513
7320
7118
6917
6718
6527
6393
6371
6360
6348
6336
6325
6319
6313
6307
6301
6295
6291
6290
6284
6278
6273
6267
6262
6256
6250
6245
6239
6233
6234
6234
6234
6233
6233
6233
6233
6233
6233
6233
6233
6233
6233
6233
6233
6233
6233
6233
6233
6233
6233
6233
6233
6229
6225
6219
6215
6213
6211
6205
6203
6198
6197
6196
6196
6195
6193
6190
6186
6186
6182
6182
6177
6177
6176
6176
6176
6178
6232
6437
6585
6778
6969
7161
7352
7545
7737
7926
8064
8051
8095
8094
8094
8094
8094
8094
8094
8094
8094
8095
8095
8095
8095
8095
8095
8095
8095
8094
8094
8094
8094
8094
8093
8093
8093
8093
8093
8094
8094
8094
8093
8093
8093
8093
8094
8093
8094
8093
8093
8092
8092
8092
8092
8092
8092
8092
8092
8093
8093
8094
8094
8094
8094
8094
8095
8094
8094
8094
8094
8098
8098
8103
8103
8117
8141
8171
8201
8227
8252
8271
8255
8124
7953
7766
7566
7362
7154
6948
6743
6540
6374
6315
6300
6289
6278
6266
6258
6252
6246
6241
6234
6226
6221
6215
6209
6203
6198
6192
6186
6180
6176
6176
6175
6175
6175
6175
6175
6175
6175
6175
6175
6175
6175
6175
6175
6175
6173
6173
6173
6173
6172
6168
6165
6162
6158
6152
6148
6141
6135
6129
6125
6123
6119
6116
6115
6114
6115
6115
6115
6115
6115
6114
6115
6114
6114
6115
6114
6114
6114
6114
6114
6140
6335
6476
6653
6834
7015
7196
7383
7569
7755
7916
7907
7953
7963
7967
7973
7979
7979
7984
7991
7996
8001
8007
8013
8019
8025
8030
8036
8041
8046
8052
8057
8063
8069
8074
8080
8086
8091
8092
8092
8092
8092
8092
8093
8093
8093
8099
8102
8102
8108
8110
8112
8118
8123
8129
8134
8134
8137
8142
8142
8146
8150
8149
8149
8149
8149
8149
8149
8149
8149
8150
8149
8148
8148
8149
8149
8149
8149
8148
8148
8148
8147
8148
8159
8170
8181
8193
8204
8215
8222
8232
8243
8254
8255
8254
8254
8254
8254
8253
8258
8259
8259
8257
8242
8127
7944
7753
7562
7365
7168
6972
6775
6574
6387
6299
6279
6267
6249
6238
6227
6215
6203
6197
6192
6185
6180
6174
6172
6170
6169
6163
6157
6151
6144
6139
6132
6126
6123
6119
6114
6114
6114
6114
6114
6114
6114
6115
6115
6114
6115
6115
6115
6115
6115
6115
6115
6115
6114
6115
6115
6114
6114
6114
6114
6114
6115
6121
6121
6200
6380
6527
6690
6860
7029
7192
7361
7519
7678
7756
7735
7746
7740
7727
7719
7718
7707
7706
7714
7720
7721
7727
7736
7749
7756
7764
7774
7780
7784
7787
7791
7791
7783
7769
7747
7724
7696
7668
7639
7612
7595
7578
7566
7558
7559
7565
7575
7577
7562
7544
7534
7528
7523
7512
7492
7479
7484
7509
7548
7587
7598
7603
7609
7620
7639
7650
7635
7602
7574
7550
7545
7539
7533
7528
7524
7519
7524
7541
7558
7572
7583
7594
7611
7626
7635
7642
7653
7659
7665
7670
7676
7681
7675
7672
7672
7671
7