=~=~=~=~=~=~=~=~=~=~=~= PuTTY log 2020.07.05 22:22:35 =~=~=~=~=~=~=~=~=~=~=~=
HX711 Demo
Initializi
one reading:	-0.0
one reading:	-0.0
reading:	-0.0
one reading:	-0.0
one reading:	0.0
one reading:	-0.0
one reading:	-0.0
one reading:	-0.0
one reading:	-0.0
reading:	-0.0
one reading:	-0.0
one reading:	0.0
one reading:	-0.0
one reading:	-0.0
one reading:	-0.0
one reading:	-0.0
HX711 Demo
Initializing the scale
Before setting up the scale:
read: 		397228
read average: 		397377
get value: 		397371.00
get units: 		397374.0
After setting up the scale:
read: 		397273
read average: 		397356
get value: 		-38.00
get units: 		-0.0
Readings:
one reading:	-0.0
one reading:	-0.0
one reading:	-0.0
one reading:	-0.0
one reading:	0.1
one reading:	-0.8
one reading:	-1.2
one reading:	-1.3
one reading:	-0.9
one reading:	-1.2
one reading:	-1.3
one reading:	-1.3
one reading:	-1.3
one reading:	-1.4
one reading:	-1.4
one reading:	-1.4
one reading:	-1.3
one reading:	-1.4
one reading:	-1.4
one reading:	-1.4
one reading:	-1.5
one reading:	-1.3
one reading:	-1.3
one reading:	-1.3
one reading:	-1.4
one reading:	-1.4
one reading:	-1.2
one reading:	-1.1
one reading:	-1.4
one reading:	-1.3
one reading:	-1.2
one reading:	-1.4
one reading:	-1.3
one reading:	-1.1
one reading:	-1.4
one reading:	-1.4
one reading:	-1.3
one reading:	-1.4
one reading:	-1.3
one reading:	-0.9
one reading:	-0.7
one reading:	-0.6
one reading:	-0.2
one reading:	-0.1
one reading:	-0.0
one reading:	-0.0
one reading:	-0.0
one reading:	-0.0
one reading:	-0.0
one reading:	-0.0
one reading:	-0.0
one reading:	-0.0
one reading:	-0.0
one reading:	-0.0
one reading:	-0.0
one reading:	-0.0
one reading:	-0.0
one reading:	-0.0
one reading:	-0.1
one reading:	-0.2
one reading:	-0.3
one reading:	-0.3
one reading:	-0.3
one reading:	-0.3
one reading:	-0.2
one reading:	-0.2
one reading:	-0.2
one reading:	-0.2
one reading:	-0.2
one reading:	-0.2
one reading:	-0.2
one reading:	-0.2
one reading:	-0.0
one reading:	-0.0
one reading:	0.0
one reading:	-0.0
one reading:	-0.0
one reading:	-0.0
one reading:	0.0
one reading:	0.0
one reading:	0.0
one reading:	0.0
one reading:	0.0
one reading:	0.0
one reading:	0.0
one reading:	0.0
one reading:	0.0
one reading:	0.0
one reading:	0.0
one reading:	0.0
one reading:	0.0
one reading:	2.6
one reading:	43.3
one reading:	95.7
one reading:	91.6
one reading:	102.0
one reading:	101.7
one reading:	97.6
one reading:	97.7
one reading:	100.7
one reading:	98.0
one reading:	98.1
one reading:	101.0
one reading:	97.4
one reading:	99.0
one reading:	98.6
one reading:	98.6
one reading:	98.6
one reading:	99.0
one reading:	98.8
one reading:	98.8
one reading:	99.1
one reading:	98.3
one reading:	98.7
one reading:	98.5
one reading:	98.5
one reading:	98.6
one reading:	98.4
one reading:	98.4
one reading:	98.7
one reading:	98.7
one reading:	98.3
one reading:	98.7
one reading:	97.9
one reading:	99.6
one reading:	98.1
one reading:	99.4
one reading:	98.6
one reading:	98.8
one reading:	98.6
one reading:	99.0
one reading:	98.6
one reading:	98.6
one reading:	99.1
one reading:	98.6
one reading:	97.9
one reading:	99.1
one reading:	100.2
one reading:	96.0
one reading:	94.8
one reading:	59.7
one reading:	9.8
one reading:	-0.1
one reading:	-0.1
one reading:	-0.1
one reading:	-0.1
one reading:	-0.1
one reading:	-0.1
one reading:	14.3
one reading:	64.3
one reading:	96.0
one reading:	91.2
one reading:	106.0
one reading:	99.2
one reading:	108.3
one reading:	95.4
one reading:	83.6
one reading:	95.4
one reading:	101.6
one reading:	97.1
one reading:	47.9
one reading:	-0.1
one reading:	-0.1
one reading:	-0.1
one reading:	-0.1
one reading:	-0.1
one reading:	-0.1
one reading:	-0.1
one reading:	-0.1
one reading:	-0.1
one reading:	-0.1
one reading:	-0.1
one reading:	-0.1
one reading:	-0.1
one reading:	-0.1
one reading:	-0.1
one reading:	-0.1
one reading:	-0.1
one reading:	-0.1
one reading:	-0.1
one reading:	-0.1
one reading:	-0.1
one reading:	20.5
one reading:	85.9
one reading:	98.1
one reading:	88.0
one reading:	92.2
one reading:	99.3
one reading:	103.4
one reading:	97.8
one reading:	100.2
one reading:	100.8
one reading:	96.5
one reading:	94.4
one reading:	91.8
one reading:	40.7
one reading:	0.7
one reading:	-0.1
one reading:	-0.1
one reading:	-0.1
one reading:	-0.1
one reading:	-0.1
one reading:	-0.1
one reading:	-0.1
one reading:	-0.1
one reading:	-0.1
one reading:	-0.1
one reading:	-0.1
one reading:	-0.1
one reading:	-0.1
one reading:	16.0
one reading:	63.4
one reading:	95.7
one reading:	93.4
one reading:	97.5
one reading:	97.6
one reading:	95.0
one reading:	104.4
one reading:	101.7
one reading:	105.9
one reading:	87.1
one reading:	90.0
one reading:	98.3
one reading:	102.5
one reading:	82.7
one reading:	12.2
one reading:	-0.1
one reading:	-0.1
one reading:	-0.1
one reading:	-0.1
one reading:	-0.1
one reading:	-0.1
one reading:	-0.1
one reading:	-0.1
one reading:	-0.1
one reading:	-0.1
one reading:	-0.1
one reading:	-0.1
one reading:	-0.1
one reading:	-0.1
one reading:	-0.1
one reading:	-0.1
one reading:	-0.1
one reading:	-0.1
one reading:	-0.1
one reading:	29.0
one reading:	87.9
one reading:	97.1
one reading:	98.0
one reading:	83.0
one reading:	101.1
one reading:	102.0
one reading:	92.5
one reading:	96.9
one reading:	99.9
one reading:	96.1
one reading:	94.0
one reading:	94.5
one reading:	67.5
one reading:	13.8
one reading:	0.1
one reading:	-0.1
one reading:	-0.1
one reading:	-0.1
one reading:	-0.1
one reading:	-0.1
one reading:	-0.1
one reading:	-0.1
one reading:	-0.1
one reading:	-0.1
one reading:	-0.1
one reading:	1.5
one reading:	44.7
one reading:	97.9
one reading:	94.2
one reading:	95.1
one reading:	100.3
one reading:	98.3
one reading:	97.9
one reading:	102.3
one reading:	111.2
one reading:	85.3
one reading:	89.6
one reading:	98.1
one reading:	102.2
one reading:	62.8
one reading:	2.6
one reading:	-0.1
one reading:	-0.1
one reading:	-0.1
one reading:	-0.1
one reading:	-0.1
one reading:	-0.1
one reading:	-0.1
one reading:	-0.1
one reading:	-0.1
one reading:	-0.1
one reading:	-0.1
one reading:	-0.1
one reading:	-0.1
one reading:	-0.1
one reading:	-0.1
one reading:	-0.1
one reading:	-0.1
one reading:	6.6
one reading:	72.3
one reading:	99.5
one reading:	93.0
one reading:	83.1
one reading:	103.2
one reading:	105.0
one reading:	97.4
one reading:	94.8
one reading:	100.2
one reading:	96.0
one reading:	93.0
one reading:	94.2
one reading:	80.5
one reading:	23.0
one reading:	0.9
one reading:	-0.1
one reading:	-0.1
one reading:	-0.1
one reading:	-0.1
one reading:	-0.1
one reading:	-0.1
one reading:	-0.1
one reading:	-0.1
one reading:	-0.1
one reading:	-0.1
one reading:	-0.1
one reading:	-0.1
one reading:	-0.1
one reading:	-0.1
one reading:	6.5
one reading:	61.6
one reading:	93.0
one reading:	92.9
one reading:	95.9
one reading:	96.0
one reading:	98.8
one reading:	99.0
one reading:	102.2
one reading:	104.9
one reading:	94.5
one reading:	84.4
one reading:	96.4
one reading:	101.3
one reading:	69.7
one reading:	6.8
one reading:	-0.1
one reading:	-0.1
one reading:	-0.1
one reading:	-0.1
one reading:	-0.1
one reading:	-0.1
one reading:	-0.1
one reading:	-0.1
one reading:	-0.1
one reading:	-0.1
one reading:	-0.1
one reading:	-0.1
one reading:	-0.1
one reading:	-0.1
one reading:	-0.1
one reading:	-0.1
one reading:	0.1
one reading:	54.3
one reading:	95.4
one reading:	95.1
one reading:	93.4
one reading:	92.1
one reading:	97.5
one reading:	99.3
one reading:	103.7
one reading:	96.2
one reading:	96.6
one reading:	102.9
one reading:	98.0
one reading:	98.6
one reading:	98.9
one reading:	97.0
one reading:	100.0
one reading:	94.4
one reading:	95.8
one reading:	93.8
one reading:	55.9
one reading:	11.1
one reading:	0.2
one reading:	-0.1
one reading:	-0.1
one reading:	-0.1
one reading:	-0.1
one reading:	-0.1
one reading:	-0.1
one reading:	-0.1
one reading:	-0.1
one reading:	-0.1
one reading:	-0.1
one reading:	-0.1
one reading:	-0.1
one reading:	-0.1
one reading:	-0.1
one reading:	-0.1
one reading:	-0.1
one reading:	-0.1
one reading:	-0.1
one reading:	-0.1
one reading:	-0.1
one reading:	-0.1
one reading:	-0.1
one reading:	-0.2
one reading:	-0.1
one reading:	-0.1
one reading:	-0.1
one reading:	-0.1
one reading:	-0.1
one reading:	-0.1
one reading:	-0.1
one reading:	-0.1
one reading:	-0.2
one reading:	-0.2
one reading:	-0.1
one reading:	-0.1
one reading:	-0.1
one reading:	-0.1
one reading:	-0.1
one reading:	-