=~=~=~=~=~=~=~=~=~=~=~= PuTTY log 2020.07.05 22:26:31 =~=~=~=~=~=~=~=~=~=~=~=
HX711eading:	1.3
one reading:	1.3
one reading:	1.3

one reading:	1.4
one reading:	1.4
one reading:	1.4
one reading:	1.4
one reading:	1.3
one reading:	1.3
one reading:	1.3
HX711 Demo
Initializing the scale
Before setting up the scale:
read: 		347439
read average: 		508839
get value: 		506897.00
get units: 		500559.0
After setting up the scale:
read: 		488451
read average: 		484748
get value: 		-9241.00
get units: 		-0.4
Readings:
one reading:	-0.4
one reading:	-2.7
one reading:	-2.6
one reading:	-2.6
one reading:	-2.6
one reading:	-2.5
one reading:	-2.5
one reading:	-2.5
one reading:	-2.5
one reading:	-2.5
one reading:	-2.5
one reading:	-2.5
one reading:	-2.5
one reading:	-2.5
one reading:	-2.5
one reading:	-2.5
one reading:	-2.5
one reading:	-3.9
one reading:	-3.7
one reading:	-3.7
one reading:	-3.7
one reading:	-2.0
one reading:	31.5
one reading:	99.0
one reading:	90.3
one reading:	103.2
one reading:	94.9
one reading:	96.6
one reading:	96.3
one reading:	96.1
one reading:	96.4
one reading:	96.1
one reading:	96.0
one reading:	95.8
one reading:	96.1
one reading:	95.9
one reading:	96.0
one reading:	96.2
one reading:	96.3
one reading:	96.1
one reading:	95.8
one reading:	96.3
one reading:	96.0
one reading:	96.0
one reading:	96.0
one reading:	96.1
one reading:	95.9
one reading:	96.0
one reading:	95.9
one reading:	95.9
one reading:	96.2
one reading:	96.1
one reading:	96.0
one reading:	95.9
one reading:	96.0
one reading:	95.7
one reading:	95.7
one reading:	95.9
one reading:	96.2
one reading:	96.0
one reading:	96.0
one reading:	96.3
one reading:	96.3
one reading:	96.2
one reading:	95.9
one reading:	96.2
one reading:	96.4
one reading:	98.2
one reading:	100.9
one reading:	88.2
one reading:	86.8
one reading:	96.1
one reading:	63.9
one reading:	2.6
one reading:	-2.6
one reading:	-2.6
one reading:	-2.5
one reading:	-2.5
one reading:	-2.5
one reading:	-2.5
one reading:	-2.5
one reading:	-2.5
one reading:	-2.5
one reading:	-2.5
one reading:	-2.5
one reading:	-2.6
one reading:	-2.5
one reading:	-2.5
one reading:	15.6
one reading:	70.7
one reading:	99.2
one reading:	83.9
one reading:	100.2
one reading:	99.7
one reading:	96.8
one reading:	97.2
one reading:	91.1
one reading:	93.0
one reading:	79.9
one reading:	13.9
one reading:	-3.0
one reading:	-2.3
one reading:	-2.7
one reading:	-3.2
one reading:	-2.5
one reading:	-2.4
one reading:	-2.4
one reading:	-2.5
one reading:	-2.5
one reading:	-2.5
one reading:	-2.5
one reading:	-2.5
one reading:	-2.5
one reading:	-2.5
one reading:	-2.5
one reading:	-2.5
one reading:	-2.0
one reading:	39.5
one reading:	99.2
one reading:	87.3
one reading:	94.4
one reading:	98.6
one reading:	106.1
one reading:	85.8
one reading:	86.6
one reading:	96.6
one reading:	76.3
one reading:	17.6
one reading:	-2.5
one reading:	-2.4
one reading:	-2.4
one reading:	-2.4
one reading:	-2.4
one reading:	-2.4
one reading:	-2.4
one reading:	-2.4
one reading:	-2.4
one reading:	-2.4
one reading:	-2.4
one reading:	-2.4
one reading:	-2.4
one reading:	-2.4
one reading:	-2.4
one reading:	-0.1
one reading:	47.3
one reading:	99.6
one reading:	86.3
one reading:	89.6
one reading:	97.4
one reading:	100.4
one reading:	92.6
one reading:	99.2
one reading:	92.3
one reading:	93.6
one reading:	96.5
one reading:	86.7
one reading:	14.8
one reading:	-3.6
one reading:	-3.7
one reading:	-3.8
one reading:	-2.5
one reading:	-2.6
one reading:	-2.6
one reading:	-2.5
one reading:	-2.5
one reading:	-2.5
one reading:	-2.5
one reading:	-2.5
one reading:	-2.5
one reading:	-4.3
one reading:	-3.7
one reading:	-3.6
one reading:	-3.6
one reading:	28.4
one reading:	95.4
one reading:	86.3
one reading:	99.7
one reading:	91.0
one reading:	97.7
one reading:	99.8
one reading:	81.4
one reading:	93.6
one reading:	95.4
one reading:	79.3
one reading:	7.0
one reading:	-4.8
one reading:	-4.8
one reading:	-4.8
one reading:	-4.8
one reading:	-4.8
one reading:	-4.8
one reading:	-4.8
one reading:	-4.8
one reading:	-4.8
one reading:	-4.8
one reading:	-4.7
one reading:	-4.7
one reading:	-4.7
one reading:	-4.7
one reading:	25.6
one reading:	91.5
one reading:	88.0
one reading:	82.5
one reading:	100.1
one reading:	88.8
one reading:	95.2
one reading:	93.1
one reading:	93.9
one reading:	85.9
one reading:	89.4
one reading:	35.6
one reading:	-4.3
one reading:	-4.1
one reading:	-4.5
one reading:	-3.3
one reading:	-4.4
one reading:	-4.4
one reading:	-4.3
one reading:	-4.2
one reading:	-4.2
one reading:	-4.2
one reading:	-3.8
one reading:	-3.6
one reading:	-3.5
one reading:	-3.6
one reading:	-3.6
one reading:	-4.7
one reading:	-4.6
one reading:	0.1
one reading:	47.0
one reading:	95.3
one reading:	90.1
one reading:	92.7
one reading:	86.7
one reading:	98.6
one reading:	95.6
one reading:	82.1
one reading:	91.0
one reading:	95.3
one reading:	67.8
one reading:	19.2
one reading:	-5.0
one reading:	-5.0
one reading:	-4.9
one reading:	-4.9
one reading:	-4.9
one reading:	-4.9
one reading:	-4.9
one reading:	-4.9
one reading:	-4.9
one reading:	-4.9
one reading:	-4.9
one reading:	-4.9
one reading:	-4.9
one reading:	-4.9
one reading:	-4.9
one reading:	-1.4
one reading:	48.7
one reading:	96.0
one reading:	86.8
one reading:	86.9
one reading:	95.9
one reading:	98.2
one reading:	91.2
one reading:	92.4
one reading:	97.1
one reading:	94.3
one reading:	91.3
one reading:	90.7
one reading:	91.4
one reading:	80.1
one reading:	9.7
one reading:	-4.9
one reading:	-4.9
one reading:	-4.9
one reading:	-4.9
one reading:	-4.9
one reading:	-3.8
one reading:	-4.0
one reading:	-4.2
one reading:	-4.1
one reading:	-3.1
one reading:	-3.6
one reading:	-3.9
one reading:	-3.7
one reading:	-3.7
one reading:	-3.7
one reading:	4.4
one reading:	65.0
one reading:	92.4
one reading:	91.1
one reading:	101.3
one reading:	100.1
one reading:	103.1
one reading:	88.7
one reading:	84.1
one reading:	93.1
one reading:	93.7
one reading:	68.6
one reading:	1.8
one reading:	-4.6
one reading:	-4.6
one reading:	-4.5
one reading:	-4.4
one reading:	-4.7
one reading:	-4.8
one reading:	-4.9
one reading:	-4.9
one reading:	-4.9
one reading:	-4.9
one reading:	-4.9
one reading:	-4.9
one reading:	-4.9
one reading:	-4.9
one reading:	0.5
one reading:	43.4
one reading:	95.4
one reading:	87.8
one reading:	85.9
one reading:	94.7
one reading:	96.8
one reading:	89.2
one reading:	92.7
one reading:	95.2
one reading:	93.7
one reading:	90.5
one reading:	90.6
one reading:	90.6
one reading:	56.2
one reading:	-0.6
one reading:	-3.9
one reading:	-3.9
one reading:	-3.7
one reading:	-4.5
one reading:	-4.6
one reading:	-4.6
one reading:	-4.7
one reading:	-4.8
one reading:	-5.0
one reading:	-5.2
one reading:	-5.3
one reading:	-5.3
one reading:	-5.3
one reading:	-5.3
one reading:	-5.3
one reading:	-5.3
one reading:	-5.2
one reading:	-5.2
one reading:	-5.2
one reading:	-5.2
one reading:	-5.2
one reading:	-5.2
one reading:	-5.2
one reading:	-5.2
one reading:	-5.2
one reading:	-5.2
one reading:	-5.1
one reading:	-5.1
one reading:	-5.1
one reading:	-5.1
one reading:	-5.3
one reading:	-5.2
one reading:	-5.0
one reading:	-5.0
one reading:	-5.0
one reading:	-5.0
one reading:	-4.6
one reading:	-4.9
one reading:	-4.9
one reading:	-4.9
one reading:	-4.9
one reading:	-4.8
one reading:	-4.8
one reading:	-4.4
one reading:	-4.3
one reading:	-4.4
one reading:	-4.4
one reading:	-4.6
one reading:	-4.6
one reading:	-4.7
one reading:	-4.7
one reading:	-5.4
one reading:	-5.3
one reading:	-5.3
one reading:	-5.3
one reading:	-5.3
one reading:	-5.2
one reading:	-5.3
one reading:	-5.3
one reading:	-5.3
one reading:	-5.3
one reading:	-5.3
one reading:	-5.3
one reading:	-5.3
one reading:	-5.3
one reading:	-5.3
one reading:	-5.2
one reading:	-5.2
one reading:	-5.2
one reading:	-5.2
one reading:	-5.2
one reading:	-5.2
one reading:	-5.2
one reading:	-5.2
one reading:	-5.2
one reading:	-5.2
one reading:	-5.2
one reading:	-5.2
one reading:	-5.2
one reading:	-5.2
one reading:	-5.2
one reading:	-5.2
one reading:	-5.2
one reading:	-5.2
one reading:	-5.2
one reading:	-