
**** Build of configuration Debug for project IR Range Finder ****

"C:\\ti\\ccs930\\ccs\\utils\\bin\\gmake" -k -j 4 all -O 
 
Building file: "../main.c"
Invoking: MSP430 Compiler
"C:/ti/ccs930/ccs/tools/compiler/ti-cgt-msp430_20.2.0.LTS/bin/cl430" -vmsp --use_hw_mpy=16 --include_path="C:/ti/ccs930/ccs/ccs_base/msp430/include" --include_path="D:/Current Works/GP2Y0E03 Short Range IR Rangefinder Demo/IR Range Finder/Libraries" --include_path="D:/Current Works/GP2Y0E03 Short Range IR Rangefinder Demo/IR Range Finder" --include_path="C:/ti/ccs930/ccs/tools/compiler/ti-cgt-msp430_20.2.0.LTS/include" --advice:power=all --define=__MSP430F149__ -g --printf_support=minimal --diag_warning=225 --diag_wrap=off --display_error_number --preproc_with_compile --preproc_dependency="main.d_raw"  "../main.c"
 
>> Compilation failure
subdir_rules.mk:9: recipe for target 'main.obj' failed
Building file: "../Libraries/delay.c"
Invoking: MSP430 Compiler
"C:/ti/ccs930/ccs/tools/compiler/ti-cgt-msp430_20.2.0.LTS/bin/cl430" -vmsp --use_hw_mpy=16 --include_path="C:/ti/ccs930/ccs/ccs_base/msp430/include" --include_path="D:/Current Works/GP2Y0E03 Short Range IR Rangefinder Demo/IR Range Finder/Libraries" --include_path="D:/Current Works/GP2Y0E03 Short Range IR Rangefinder Demo/IR Range Finder" --include_path="C:/ti/ccs930/ccs/tools/compiler/ti-cgt-msp430_20.2.0.LTS/include" --advice:power=all --define=__MSP430F149__ -g --printf_support=minimal --diag_warning=225 --diag_wrap=off --display_error_number --preproc_with_compile --preproc_dependency="Libraries/delay.d_raw" --obj_directory="Libraries"  "../Libraries/delay.c"
"../main.c", line 15: remark #1527-D: (ULP 2.1) Detected SW delay loop using empty loop. Recommend using a timer module instead
"../main.c", line 28: error #20: identifier "CALBC1_8MHZ" is undefined
"../main.c", line 33: error #20: identifier "CALDCO_8MHZ" is undefined
"../main.c", line 40: error #20: identifier "BCSCTL3" is undefined
"../main.c", line 40: error #20: identifier "XT2S_2" is undefined
"../main.c", line 40: error #20: identifier "LFXT1S_0" is undefined
"../main.c", line 40: error #20: identifier "XCAP_1" is undefined
"../main.c", line 30: remark #1527-D: (ULP 2.1) Detected SW delay loop using __delay_cycles. Recommend using a timer module instead
6 errors detected in the compilation of "../main.c".
gmake: *** [main.obj] Error 1
Finished building: "../Libraries/delay.c"
 
Building file: "../Libraries/lcd_print.c"
Invoking: MSP430 Compiler
"C:/ti/ccs930/ccs/tools/compiler/ti-cgt-msp430_20.2.0.LTS/bin/cl430" -vmsp --use_hw_mpy=16 --include_path="C:/ti/ccs930/ccs/ccs_base/msp430/include" --include_path="D:/Current Works/GP2Y0E03 Short Range IR Rangefinder Demo/IR Range Finder/Libraries" --include_path="D:/Current Works/GP2Y0E03 Short Range IR Rangefinder Demo/IR Range Finder" --include_path="C:/ti/ccs930/ccs/tools/compiler/ti-cgt-msp430_20.2.0.LTS/include" --advice:power=all --define=__MSP430F149__ -g --printf_support=minimal --diag_warning=225 --diag_wrap=off --display_error_number --preproc_with_compile --preproc_dependency="Libraries/lcd_print.d_raw" --obj_directory="Libraries"  "../Libraries/lcd_print.c"
"../Libraries/lcd_print.c", line 15: remark #1544-D: (ULP 13.1) Detected loop counting up. Recommend loops count down as detecting zeros is easier
"../Libraries/lcd_print.c", line 47: remark #1530-D: (ULP 5.1) Detected divide operation(s). Recommend moving them to RAM during run time or not using as these are processing/power intensive
"../Libraries/lcd_print.c", line 48: remark #1530-D: (ULP 5.1) Detected divide operation(s). Recommend moving them to RAM during run time or not using as these are processing/power intensive
"../Libraries/lcd_print.c", line 49: remark #1530-D: (ULP 5.1) Detected modulo operation(s). Recommend moving them to RAM during run time or not using as these are processing/power intensive
"../Libraries/lcd_print.c", line 53: remark #1530-D: (ULP 5.1) Detected divide operation(s). Recommend moving them to RAM during run time or not using as these are processing/power intensive
"../Libraries/lcd_print.c", line 54: remark #1530-D: (ULP 5.1) Detected modulo operation(s). Recommend moving them to RAM during run time or not using as these are processing/power intensive
"../Libraries/lcd_print.c", line 59: remark #1530-D: (ULP 5.1) Detected modulo operation(s). Recommend moving them to RAM during run time or not using as these are processing/power intensive
"../Libraries/lcd_print.c", line 85: remark #1530-D: (ULP 5.1) Detected divide operation(s). Recommend moving them to RAM during run time or not using as these are processing/power intensive
"../Libraries/lcd_print.c", line 86: remark #1530-D: (ULP 5.1) Detected divide operation(s). Recommend moving them to RAM during run time or not using as these are processing/power intensive
"../Libraries/lcd_print.c", line 87: remark #1530-D: (ULP 5.1) Detected divide operation(s). Recommend moving them to RAM during run time or not using as these are processing/power intensive
"../Libraries/lcd_print.c", line 88: remark #1530-D: (ULP 5.1) Detected divide operation(s). Recommend moving them to RAM during run time or not using as these are processing/power intensive
"../Libraries/lcd_print.c", line 89: remark #1530-D: (ULP 5.1) Detected modulo operation(s). Recommend moving them to RAM during run time or not using as these are processing/power intensive
"../Libraries/lcd_print.c", line 94: remark #1530-D: (ULP 5.1) Detected divide operation(s). Recommend moving them to RAM during run time or not using as these are processing/power intensive
"../Libraries/lcd_print.c", line 95: remark #1530-D: (ULP 5.1) Detected divide operation(s). Recommend moving them to RAM during run time or not using as these are processing/power intensive
"../Libraries/lcd_print.c", line 96: remark #1530-D: (ULP 5.1) Detected divide operation(s). Recommend moving them to RAM during run time or not using as these are processing/power intensive
"../Libraries/lcd_print.c", line 97: remark #1530-D: (ULP 5.1) Detected modulo operation(s). Recommend moving them to RAM during run time or not using as these are processing/power intensive
"../Libraries/lcd_print.c", line 102: remark #1530-D: (ULP 5.1) Detected divide operation(s). Recommend moving them to RAM during run time or not using as these are processing/power intensive
"../Libraries/lcd_print.c", line 103: remark #1530-D: (ULP 5.1) Detected divide operation(s). Recommend moving them to RAM during run time or not using as these are processing/power intensive
"../Libraries/lcd_print.c", line 104: remark #1530-D: (ULP 5.1) Detected modulo operation(s). Recommend moving them to RAM during run time or not using as these are processing/power intensive
"../Libraries/lcd_print.c", line 110: remark #1530-D: (ULP 5.1) Detected divide operation(s). Recommend moving them to RAM during run time or not using as these are processing/power intensive
"../Libraries/lcd_print.c", line 111: remark #1530-D: (ULP 5.1) Detected modulo operation(s). Recommend moving them to RAM during run time or not using as these are processing/power intensive
"../Libraries/lcd_print.c", line 118: remark #1530-D: (ULP 5.1) Detected modulo operation(s). Recommend moving them to RAM during run time or not using as these are processing/power intensive
"../Libraries/lcd_print.c", line 134: remark #1530-D: (ULP 5.1) Detected divide operation(s). Recommend moving them to RAM during run time or not using as these are processing/power intensive
"../Libraries/lcd_print.c", line 138: remark #1530-D: (ULP 5.1) Detected modulo operation(s). Recommend moving them to RAM during run time or not using as these are processing/power intensive
"../Libraries/lcd_print.c", line 142: remark #1530-D: (ULP 5.1) Detected modulo operation(s). Recommend moving them to RAM during run time or not using as these are processing/power intensive
"../Libraries/lcd_print.c", line 151 (col. 6): remark #1531-D: (ULP 5.2) Detected floating point operation(s). Recommend moving them to RAM during run time or not using as these are processing/power intensive
"../Libraries/lcd_print.c", line 155 (col. 11): remark #1531-D: (ULP 5.2) Detected floating point operation(s). Recommend moving them to RAM during run time or not using as these are processing/power intensive
"../Libraries/lcd_print.c", line 157 (col. 11): remark #1531-D: (ULP 5.2) Detected floating point operation(s). Recommend moving them to RAM during run time or not using as these are processing/power intensive
"../Libraries/lcd_print.c", line 164 (col. 14): remark #1531-D: (ULP 5.2) Detected floating point operation(s). Recommend moving them to RAM during run time or not using as these are processing/power intensive
"../Libraries/lcd_print.c", line 166 (col. 15): remark #1531-D: (ULP 5.2) Detected floating point operation(s). Recommend moving them to RAM during run time or not using as these are processing/power intensive
"../Libraries/lcd_print.c", line 176 (col. 15): remark #1531-D: (ULP 5.2) Detected floating point operation(s). Recommend moving them to RAM during run time or not using as these are processing/power intensive
"../Libraries/lcd_print.c", line 180 (col. 20): remark #1531-D: (ULP 5.2) Detected floating point operation(s). Recommend moving them to RAM during run time or not using as these are processing/power intensive
"../Libraries/lcd_print.c", line 184 (col. 20): remark #1531-D: (ULP 5.2) Detected floating point operation(s). Recommend moving them to RAM during run time or not using as these are processing/power intensive
"../Libraries/lcd_print.c", line 188 (col. 20): remark #1531-D: (ULP 5.2) Detected floating point operation(s). Recommend moving them to RAM during run time or not using as these are processing/power intensive
"../Libraries/lcd_print.c", line 192 (col. 19): remark #1531-D: (ULP 5.2) Detected floating point operation(s). Recommend moving them to RAM during run time or not using as these are processing/power intensive
Finished building: "../Libraries/lcd_print.c"
 
Building file: "../Libraries/lcd.c"
Invoking: MSP430 Compiler
"C:/ti/ccs930/ccs/tools/compiler/ti-cgt-msp430_20.2.0.LTS/bin/cl430" -vmsp --use_hw_mpy=16 --include_path="C:/ti/ccs930/ccs/ccs_base/msp430/include" --include_path="D:/Current Works/GP2Y0E03 Short Range IR Rangefinder Demo/IR Range Finder/Libraries" --include_path="D:/Current Works/GP2Y0E03 Short Range IR Rangefinder Demo/IR Range Finder" --include_path="C:/ti/ccs930/ccs/tools/compiler/ti-cgt-msp430_20.2.0.LTS/include" --advice:power=all --define=__MSP430F149__ -g --printf_support=minimal --diag_warning=225 --diag_wrap=off --display_error_number --preproc_with_compile --preproc_dependency="Libraries/lcd.d_raw" --obj_directory="Libraries"  "../Libraries/lcd.c"
Finished building: "../Libraries/lcd.c"
 
gmake: Target 'all' not remade because of errors.

**** Build Finished ****

**** Build of configuration Debug for project IR Range Finder ****

"C:\\ti\\ccs930\\ccs\\utils\\bin\\gmake" -k -j 4 all -O 
 
Building file: "../main.c"
Invoking: MSP430 Compiler
"C:/ti/ccs930/ccs/tools/compiler/ti-cgt-msp430_20.2.0.LTS/bin/cl430" -vmsp --use_hw_mpy=16 --include_path="C:/ti/ccs930/ccs/ccs_base/msp430/include" --include_path="D:/Current Works/GP2Y0E03 Short Range IR Rangefinder Demo/IR Range Finder/Libraries" --include_path="D:/Current Works/GP2Y0E03 Short Range IR Rangefinder Demo/IR Range Finder" --include_path="C:/ti/ccs930/ccs/tools/compiler/ti-cgt-msp430_20.2.0.LTS/include" --advice:power=all --define=__MSP430F149__ -g --printf_support=minimal --diag_warning=225 --diag_wrap=off --display_error_number --preproc_with_compile --preproc_dependency="main.d_raw"  "../main.c"
"../main.c", line 15: remark #1527-D: (ULP 2.1) Detected SW delay loop using empty loop. Recommend using a timer module instead
"../main.c", line 67: remark #1527-D: (ULP 2.1) Detected SW delay loop using __delay_cycles. Recommend using a timer module instead
Finished building: "../main.c"
 
Building target: "IR Range Finder.out"
Invoking: MSP430 Linker
"C:/ti/ccs930/ccs/tools/compiler/ti-cgt-msp430_20.2.0.LTS/bin/cl430" -vmsp --use_hw_mpy=16 --advice:power=all --define=__MSP430F149__ -g --printf_support=minimal --diag_warning=225 --diag_wrap=off --display_error_number -z -m"IR Range Finder.map" --heap_size=80 --stack_size=80 -i"C:/ti/ccs930/ccs/ccs_base/msp430/include" -i"C:/ti/ccs930/ccs/tools/compiler/ti-cgt-msp430_20.2.0.LTS/lib" -i"C:/ti/ccs930/ccs/tools/compiler/ti-cgt-msp430_20.2.0.LTS/include" --reread_libs --diag_wrap=off --display_error_number --warn_sections --xml_link_info="IR Range Finder_linkInfo.xml" --use_hw_mpy=16 --rom_model -o "IR Range Finder.out" "./main.obj" "./Libraries/delay.obj" "./Libraries/lcd.obj" "./Libraries/lcd_print.obj" "../lnk_msp430f149.cmd"  -llibc.a 
<Linking>
remark #10371-D: (ULP 1.1) Detected no uses of low power mode state changing instructions
Finished building target: "IR Range Finder.out"
 
Building files: "IR Range Finder.out"
Invoking: MSP430 Hex Utility
"C:/ti/ccs930/ccs/tools/compiler/ti-cgt-msp430_20.2.0.LTS/bin/hex430" --memwidth=8 --romwidth=8 --intel -o "IR Range Finder.hex"  "IR Range Finder.out" 
Translating to Intel format...
   "IR Range Finder.out" .text ==> .text
   "IR Range Finder.out" PORT2 ==> PORT2
   "IR Range Finder.out" USART1TX ==> USART1TX
   "IR Range Finder.out" USART1RX ==> USART1RX
   "IR Range Finder.out" PORT1 ==> PORT1
   "IR Range Finder.out" TIMERA1 ==> TIMERA1
   "IR Range Finder.out" TIMERA0 ==> TIMERA0
   "IR Range Finder.out" ADC12 ==> ADC12
   "IR Range Finder.out" USART0TX ==> USART0TX
   "IR Range Finder.out" USART0RX ==> USART0RX
   "IR Range Finder.out" WDT ==> WDT
   "IR Range Finder.out" COMPARATORA ==> COMPARATORA
   "IR Range Finder.out" TIMERB1 ==> TIMERB1
   "IR Range Finder.out" TIMERB0 ==> TIMERB0
   "IR Range Finder.out" NMI ==> NMI
   "IR Range Finder.out" .reset ==> .reset
Finished building: "IR Range Finder.out"
 

**** Build Finished ****

**** Build of configuration Debug for project IR Range Finder ****

"C:\\ti\\ccs930\\ccs\\utils\\bin\\gmake" -k -j 4 all -O 
 
Building file: "../main.c"
Invoking: MSP430 Compiler
"C:/ti/ccs930/ccs/tools/compiler/ti-cgt-msp430_20.2.0.LTS/bin/cl430" -vmsp --use_hw_mpy=16 --include_path="C:/ti/ccs930/ccs/ccs_base/msp430/include" --include_path="D:/Current Works/GP2Y0E03 Short Range IR Rangefinder Demo/IR Range Finder/Libraries" --include_path="D:/Current Works/GP2Y0E03 Short Range IR Rangefinder Demo/IR Range Finder" --include_path="C:/ti/ccs930/ccs/tools/compiler/ti-cgt-msp430_20.2.0.LTS/include" --advice:power=all --define=__MSP430F149__ -g --printf_support=minimal --diag_warning=225 --diag_wrap=off --display_error_number --preproc_with_compile --preproc_dependency="main.d_raw"  "../main.c"
"../main.c", line 15: remark #1527-D: (ULP 2.1) Detected SW delay loop using empty loop. Recommend using a timer module instead
"../main.c", line 67: remark #1527-D: (ULP 2.1) Detected SW delay loop using __delay_cycles. Recommend using a timer module instead
Finished building: "../main.c"
 
Building target: "IR Range Finder.out"
Invoking: MSP430 Linker
"C:/ti/ccs930/ccs/tools/compiler/ti-cgt-msp430_20.2.0.LTS/bin/cl430" -vmsp --use_hw_mpy=16 --advice:power=all --define=__MSP430F149__ -g --printf_support=minimal --diag_warning=225 --diag_wrap=off --display_error_number -z -m"IR Range Finder.map" --heap_size=80 --stack_size=80 -i"C:/ti/ccs930/ccs/ccs_base/msp430/include" -i"C:/ti/ccs930/ccs/tools/compiler/ti-cgt-msp430_20.2.0.LTS/lib" -i"C:/ti/ccs930/ccs/tools/compiler/ti-cgt-msp430_20.2.0.LTS/include" --reread_libs --diag_wrap=off --display_error_number --warn_sections --xml_link_info="IR Range Finder_linkInfo.xml" --use_hw_mpy=16 --rom_model -o "IR Range Finder.out" "./main.obj" "./Libraries/delay.obj" "./Libraries/lcd.obj" "./Libraries/lcd_print.obj" "../lnk_msp430f149.cmd"  -llibc.a 
<Linking>
remark #10371-D: (ULP 1.1) Detected no uses of low power mode state changing instructions
Finished building target: "IR Range Finder.out"
 
Building files: "IR Range Finder.out"
Invoking: MSP430 Hex Utility
"C:/ti/ccs930/ccs/tools/compiler/ti-cgt-msp430_20.2.0.LTS/bin/hex430" --memwidth=8 --romwidth=8 --intel -o "IR Range Finder.hex"  "IR Range Finder.out" 
Translating to Intel format...
   "IR Range Finder.out" .text ==> .text
   "IR Range Finder.out" PORT2 ==> PORT2
   "IR Range Finder.out" USART1TX ==> USART1TX
   "IR Range Finder.out" USART1RX ==> USART1RX
   "IR Range Finder.out" PORT1 ==> PORT1
   "IR Range Finder.out" TIMERA1 ==> TIMERA1
   "IR Range Finder.out" TIMERA0 ==> TIMERA0
   "IR Range Finder.out" ADC12 ==> ADC12
   "IR Range Finder.out" USART0TX ==> USART0TX
   "IR Range Finder.out" USART0RX ==> USART0RX
   "IR Range Finder.out" WDT ==> WDT
   "IR Range Finder.out" COMPARATORA ==> COMPARATORA
   "IR Range Finder.out" TIMERB1 ==> TIMERB1
   "IR Range Finder.out" TIMERB0 ==> TIMERB0
   "IR Range Finder.out" NMI ==> NMI
   "IR Range Finder.out" .reset ==> .reset
Finished building: "IR Range Finder.out"
 

**** Build Finished ****

**** Build of configuration Debug for project IR Range Finder ****

"C:\\ti\\ccs930\\ccs\\utils\\bin\\gmake" -k -j 4 all -O 
 
Building file: "../main.c"
Invoking: MSP430 Compiler
"C:/ti/ccs930/ccs/tools/compiler/ti-cgt-msp430_20.2.0.LTS/bin/cl430" -vmsp --use_hw_mpy=16 --include_path="C:/ti/ccs930/ccs/ccs_base/msp430/include" --include_path="D:/Current Works/GP2Y0E03 Short Range IR Rangefinder Demo/IR Range Finder/Libraries" --include_path="D:/Current Works/GP2Y0E03 Short Range IR Rangefinder Demo/IR Range Finder" --include_path="C:/ti/ccs930/ccs/tools/compiler/ti-cgt-msp430_20.2.0.LTS/include" --advice:power=all --define=__MSP430F149__ -g --printf_support=minimal --diag_warning=225 --diag_wrap=off --display_error_number --preproc_with_compile --preproc_dependency="main.d_raw"  "../main.c"
 
>> Compilation failure
subdir_rules.mk:9: recipe for target 'main.obj' failed
"../main.c", line 14: error #66: expected a ";"
"../main.c", line 23: remark #1528-D: (ULP 3.1) Detected flag polling using ADC12IFG. Recommend using an interrupt combined with enter LPMx and ISR
"../main.c", line 24: error #20: identifier "ADC" is undefined
"../main.c", line 80: remark #1527-D: (ULP 2.1) Detected SW delay loop using __delay_cycles. Recommend using a timer module instead
2 errors detected in the compilation of "../main.c".
gmake: *** [main.obj] Error 1
gmake: Target 'all' not remade because of errors.

**** Build Finished ****

**** Build of configuration Debug for project IR Range Finder ****

"C:\\ti\\ccs930\\ccs\\utils\\bin\\gmake" -k -j 4 all -O 
 
Building file: "../main.c"
Invoking: MSP430 Compiler
"C:/ti/ccs930/ccs/tools/compiler/ti-cgt-msp430_20.2.0.LTS/bin/cl430" -vmsp --use_hw_mpy=16 --include_path="C:/ti/ccs930/ccs/ccs_base/msp430/include" --include_path="D:/Current Works/GP2Y0E03 Short Range IR Rangefinder Demo/IR Range Finder/Libraries" --include_path="D:/Current Works/GP2Y0E03 Short Range IR Rangefinder Demo/IR Range Finder" --include_path="C:/ti/ccs930/ccs/tools/compiler/ti-cgt-msp430_20.2.0.LTS/include" --advice:power=all --define=__MSP430F149__ -g --printf_support=minimal --diag_warning=225 --diag_wrap=off --display_error_number --preproc_with_compile --preproc_dependency="main.d_raw"  "../main.c"
 
>> Compilation failure
subdir_rules.mk:9: recipe for target 'main.obj' failed
"../main.c", line 14: error #66: expected a ";"
"../main.c", line 23: remark #1528-D: (ULP 3.1) Detected flag polling using ADC12IFG. Recommend using an interrupt combined with enter LPMx and ISR
"../main.c", line 24: error #20: identifier "ADC" is undefined
"../main.c", line 80: remark #1527-D: (ULP 2.1) Detected SW delay loop using __delay_cycles. Recommend using a timer module instead
2 errors detected in the compilation of "../main.c".
gmake: *** [main.obj] Error 1
gmake: Target 'all' not remade because of errors.

**** Build Finished ****

**** Build of configuration Debug for project IR Range Finder ****

"C:\\ti\\ccs930\\ccs\\utils\\bin\\gmake" -k -j 4 all -O 
 
Building file: "../main.c"
Invoking: MSP430 Compiler
"C:/ti/ccs930/ccs/tools/compiler/ti-cgt-msp430_20.2.0.LTS/bin/cl430" -vmsp --use_hw_mpy=16 --include_path="C:/ti/ccs930/ccs/ccs_base/msp430/include" --include_path="D:/Current Works/GP2Y0E03 Short Range IR Rangefinder Demo/IR Range Finder/Libraries" --include_path="D:/Current Works/GP2Y0E03 Short Range IR Rangefinder Demo/IR Range Finder" --include_path="C:/ti/ccs930/ccs/tools/compiler/ti-cgt-msp430_20.2.0.LTS/include" --advice:power=all --define=__MSP430F149__ -g --printf_support=minimal --diag_warning=225 --diag_wrap=off --display_error_number --preproc_with_compile --preproc_dependency="main.d_raw"  "../main.c"
 
>> Compilation failure
subdir_rules.mk:9: recipe for target 'main.obj' failed
"../main.c", line 14: error #66: expected a ";"
"../main.c", line 23: remark #1528-D: (ULP 3.1) Detected flag polling using ADC12IFG. Recommend using an interrupt combined with enter LPMx and ISR
"../main.c", line 24: error #20: identifier "ADC_val" is undefined
"../main.c", line 80: remark #1527-D: (ULP 2.1) Detected SW delay loop using __delay_cycles. Recommend using a timer module instead
2 errors detected in the compilation of "../main.c".
gmake: *** [main.obj] Error 1
gmake: Target 'all' not remade because of errors.

**** Build Finished ****

**** Build of configuration Debug for project IR Range Finder ****

"C:\\ti\\ccs930\\ccs\\utils\\bin\\gmake" -k -j 4 all -O 
 
Building file: "../main.c"
Invoking: MSP430 Compiler
"C:/ti/ccs930/ccs/tools/compiler/ti-cgt-msp430_20.2.0.LTS/bin/cl430" -vmsp --use_hw_mpy=16 --include_path="C:/ti/ccs930/ccs/ccs_base/msp430/include" --include_path="D:/Current Works/GP2Y0E03 Short Range IR Rangefinder Demo/IR Range Finder/Libraries" --include_path="D:/Current Works/GP2Y0E03 Short Range IR Rangefinder Demo/IR Range Finder" --include_path="C:/ti/ccs930/ccs/tools/compiler/ti-cgt-msp430_20.2.0.LTS/include" --advice:power=all --define=__MSP430F149__ -g --printf_support=minimal --diag_warning=225 --diag_wrap=off --display_error_number --preproc_with_compile --preproc_dependency="main.d_raw"  "../main.c"
"../main.c", line 23: remark #1528-D: (ULP 3.1) Detected flag polling using ADC12IFG. Recommend using an interrupt combined with enter LPMx and ISR
"../main.c", line 80: remark #1527-D: (ULP 2.1) Detected SW delay loop using __delay_cycles. Recommend using a timer module instead
"../main.c", line 27 (col. 11): remark #1531-D: (ULP 5.2) Detected floating point operation(s). Recommend moving them to RAM during run time or not using as these are processing/power intensive
"../main.c", line 28 (col. 16): remark #1531-D: (ULP 5.2) Detected floating point operation(s). Recommend moving them to RAM during run time or not using as these are processing/power intensive
Finished building: "../main.c"
 
Building target: "IR Range Finder.out"
Invoking: MSP430 Linker
"C:/ti/ccs930/ccs/tools/compiler/ti-cgt-msp430_20.2.0.LTS/bin/cl430" -vmsp --use_hw_mpy=16 --advice:power=all --define=__MSP430F149__ -g --printf_support=minimal --diag_warning=225 --diag_wrap=off --display_error_number -z -m"IR Range Finder.map" --heap_size=80 --stack_size=80 -i"C:/ti/ccs930/ccs/ccs_base/msp430/include" -i"C:/ti/ccs930/ccs/tools/compiler/ti-cgt-msp430_20.2.0.LTS/lib" -i"C:/ti/ccs930/ccs/tools/compiler/ti-cgt-msp430_20.2.0.LTS/include" --reread_libs --diag_wrap=off --display_error_number --warn_sections --xml_link_info="IR Range Finder_linkInfo.xml" --use_hw_mpy=16 --rom_model -o "IR Range Finder.out" "./main.obj" "./Libraries/delay.obj" "./Libraries/lcd.obj" "./Libraries/lcd_print.obj" "../lnk_msp430f149.cmd"  -llibc.a 
<Linking>
remark #10371-D: (ULP 1.1) Detected no uses of low power mode state changing instructions
Finished building target: "IR Range Finder.out"
 
Building files: "IR Range Finder.out"
Invoking: MSP430 Hex Utility
"C:/ti/ccs930/ccs/tools/compiler/ti-cgt-msp430_20.2.0.LTS/bin/hex430" --memwidth=8 --romwidth=8 --intel -o "IR Range Finder.hex"  "IR Range Finder.out" 
Translating to Intel format...
   "IR Range Finder.out" .text ==> .text
   "IR Range Finder.out" .const ==> .const
   "IR Range Finder.out" PORT2 ==> PORT2
   "IR Range Finder.out" USART1TX ==> USART1TX
   "IR Range Finder.out" USART1RX ==> USART1RX
   "IR Range Finder.out" PORT1 ==> PORT1
   "IR Range Finder.out" TIMERA1 ==> TIMERA1
   "IR Range Finder.out" TIMERA0 ==> TIMERA0
   "IR Range Finder.out" ADC12 ==> ADC12
   "IR Range Finder.out" USART0TX ==> USART0TX
   "IR Range Finder.out" USART0RX ==> USART0RX
   "IR Range Finder.out" WDT ==> WDT
   "IR Range Finder.out" COMPARATORA ==> COMPARATORA
   "IR Range Finder.out" TIMERB1 ==> TIMERB1
   "IR Range Finder.out" TIMERB0 ==> TIMERB0
   "IR Range Finder.out" NMI ==> NMI
   "IR Range Finder.out" .reset ==> .reset
Finished building: "IR Range Finder.out"
 

**** Build Finished ****

**** Build of configuration Debug for project IR Range Finder ****

"C:\\ti\\ccs930\\ccs\\utils\\bin\\gmake" -k -j 4 all -O 
 
Building file: "../main.c"
Invoking: MSP430 Compiler
"C:/ti/ccs930/ccs/tools/compiler/ti-cgt-msp430_20.2.0.LTS/bin/cl430" -vmsp --use_hw_mpy=16 --include_path="C:/ti/ccs930/ccs/ccs_base/msp430/include" --include_path="D:/Current Works/GP2Y0E03 Short Range IR Rangefinder Demo/IR Range Finder/Libraries" --include_path="D:/Current Works/GP2Y0E03 Short Range IR Rangefinder Demo/IR Range Finder" --include_path="C:/ti/ccs930/ccs/tools/compiler/ti-cgt-msp430_20.2.0.LTS/include" --advice:power=all --define=__MSP430F149__ -g --printf_support=minimal --diag_warning=225 --diag_wrap=off --display_error_number --preproc_with_compile --preproc_dependency="main.d_raw"  "../main.c"
"../main.c", line 27: remark #1528-D: (ULP 3.1) Detected flag polling using ADC12IFG. Recommend using an interrupt combined with enter LPMx and ISR
"../main.c", line 24: remark #1544-D: (ULP 13.1) Detected loop counting up. Recommend loops count down as detecting zeros is easier
"../main.c", line 88: remark #1527-D: (ULP 2.1) Detected SW delay loop using __delay_cycles. Recommend using a timer module instead
"../main.c", line 35 (col. 11): remark #1531-D: (ULP 5.2) Detected floating point operation(s). Recommend moving them to RAM during run time or not using as these are processing/power intensive
"../main.c", line 36 (col. 16): remark #1531-D: (ULP 5.2) Detected floating point operation(s). Recommend moving them to RAM during run time or not using as these are processing/power intensive
Finished building: "../main.c"
 
Building target: "IR Range Finder.out"
Invoking: MSP430 Linker
"C:/ti/ccs930/ccs/tools/compiler/ti-cgt-msp430_20.2.0.LTS/bin/cl430" -vmsp --use_hw_mpy=16 --advice:power=all --define=__MSP430F149__ -g --printf_support=minimal --diag_warning=225 --diag_wrap=off --display_error_number -z -m"IR Range Finder.map" --heap_size=80 --stack_size=80 -i"C:/ti/ccs930/ccs/ccs_base/msp430/include" -i"C:/ti/ccs930/ccs/tools/compiler/ti-cgt-msp430_20.2.0.LTS/lib" -i"C:/ti/ccs930/ccs/tools/compiler/ti-cgt-msp430_20.2.0.LTS/include" --reread_libs --diag_wrap=off --display_error_number --warn_sections --xml_link_info="IR Range Finder_linkInfo.xml" --use_hw_mpy=16 --rom_model -o "IR Range Finder.out" "./main.obj" "./Libraries/delay.obj" "./Libraries/lcd.obj" "./Libraries/lcd_print.obj" "../lnk_msp430f149.cmd"  -llibc.a 
<Linking>
remark #10371-D: (ULP 1.1) Detected no uses of low power mode state changing instructions
Finished building target: "IR Range Finder.out"
 
Building files: "IR Range Finder.out"
Invoking: MSP430 Hex Utility
"C:/ti/ccs930/ccs/tools/compiler/ti-cgt-msp430_20.2.0.LTS/bin/hex430" --memwidth=8 --romwidth=8 --intel -o "IR Range Finder.hex"  "IR Range Finder.out" 
Translating to Intel format...
   "IR Range Finder.out" .text ==> .text
   "IR Range Finder.out" .const ==> .const
   "IR Range Finder.out" PORT2 ==> PORT2
   "IR Range Finder.out" USART1TX ==> USART1TX
   "IR Range Finder.out" USART1RX ==> USART1RX
   "IR Range Finder.out" PORT1 ==> PORT1
   "IR Range Finder.out" TIMERA1 ==> TIMERA1
   "IR Range Finder.out" TIMERA0 ==> TIMERA0
   "IR Range Finder.out" ADC12 ==> ADC12
   "IR Range Finder.out" USART0TX ==> USART0TX
   "IR Range Finder.out" USART0RX ==> USART0RX
   "IR Range Finder.out" WDT ==> WDT
   "IR Range Finder.out" COMPARATORA ==> COMPARATORA
   "IR Range Finder.out" TIMERB1 ==> TIMERB1
   "IR Range Finder.out" TIMERB0 ==> TIMERB0
   "IR Range Finder.out" NMI ==> NMI
   "IR Range Finder.out" .reset ==> .reset
Finished building: "IR Range Finder.out"
 

**** Build Finished ****

**** Build of configuration Debug for project IR Range Finder ****

"C:\\ti\\ccs930\\ccs\\utils\\bin\\gmake" -k -j 4 all -O 
 
Building file: "../main.c"
Invoking: MSP430 Compiler
"C:/ti/ccs930/ccs/tools/compiler/ti-cgt-msp430_20.2.0.LTS/bin/cl430" -vmsp --use_hw_mpy=16 --include_path="C:/ti/ccs930/ccs/ccs_base/msp430/include" --include_path="D:/Current Works/GP2Y0E03 Short Range IR Rangefinder Demo/IR Range Finder/Libraries" --include_path="D:/Current Works/GP2Y0E03 Short Range IR Rangefinder Demo/IR Range Finder" --include_path="C:/ti/ccs930/ccs/tools/compiler/ti-cgt-msp430_20.2.0.LTS/include" --advice:power=all --define=__MSP430F149__ -g --printf_support=minimal --diag_warning=225 --diag_wrap=off --display_error_number --preproc_with_compile --preproc_dependency="main.d_raw"  "../main.c"
"../main.c", line 27: remark #1528-D: (ULP 3.1) Detected flag polling using ADC12IFG. Recommend using an interrupt combined with enter LPMx and ISR
"../main.c", line 24: remark #1544-D: (ULP 13.1) Detected loop counting up. Recommend loops count down as detecting zeros is easier
"../main.c", line 88: remark #1527-D: (ULP 2.1) Detected SW delay loop using __delay_cycles. Recommend using a timer module instead
"../main.c", line 35 (col. 11): remark #1531-D: (ULP 5.2) Detected floating point operation(s). Recommend moving them to RAM during run time or not using as these are processing/power intensive
"../main.c", line 36 (col. 16): remark #1531-D: (ULP 5.2) Detected floating point operation(s). Recommend moving them to RAM during run time or not using as these are processing/power intensive
Finished building: "../main.c"
 
Building target: "IR Range Finder.out"
Invoking: MSP430 Linker
"C:/ti/ccs930/ccs/tools/compiler/ti-cgt-msp430_20.2.0.LTS/bin/cl430" -vmsp --use_hw_mpy=16 --advice:power=all --define=__MSP430F149__ -g --printf_support=minimal --diag_warning=225 --diag_wrap=off --display_error_number -z -m"IR Range Finder.map" --heap_size=80 --stack_size=80 -i"C:/ti/ccs930/ccs/ccs_base/msp430/include" -i"C:/ti/ccs930/ccs/tools/compiler/ti-cgt-msp430_20.2.0.LTS/lib" -i"C:/ti/ccs930/ccs/tools/compiler/ti-cgt-msp430_20.2.0.LTS/include" --reread_libs --diag_wrap=off --display_error_number --warn_sections --xml_link_info="IR Range Finder_linkInfo.xml" --use_hw_mpy=16 --rom_model -o "IR Range Finder.out" "./main.obj" "./Libraries/delay.obj" "./Libraries/lcd.obj" "./Libraries/lcd_print.obj" "../lnk_msp430f149.cmd"  -llibc.a 
<Linking>
remark #10371-D: (ULP 1.1) Detected no uses of low power mode state changing instructions
Finished building target: "IR Range Finder.out"
 
Building files: "IR Range Finder.out"
Invoking: MSP430 Hex Utility
"C:/ti/ccs930/ccs/tools/compiler/ti-cgt-msp430_20.2.0.LTS/bin/hex430" --memwidth=8 --romwidth=8 --intel -o "IR Range Finder.hex"  "IR Range Finder.out" 
Translating to Intel format...
   "IR Range Finder.out" .text ==> .text
   "IR Range Finder.out" .const ==> .const
   "IR Range Finder.out" PORT2 ==> PORT2
   "IR Range Finder.out" USART1TX ==> USART1TX
   "IR Range Finder.out" USART1RX ==> USART1RX
   "IR Range Finder.out" PORT1 ==> PORT1
   "IR Range Finder.out" TIMERA1 ==> TIMERA1
   "IR Range Finder.out" TIMERA0 ==> TIMERA0
   "IR Range Finder.out" ADC12 ==> ADC12
   "IR Range Finder.out" USART0TX ==> USART0TX
   "IR Range Finder.out" USART0RX ==> USART0RX
   "IR Range Finder.out" WDT ==> WDT
   "IR Range Finder.out" COMPARATORA ==> COMPARATORA
   "IR Range Finder.out" TIMERB1 ==> TIMERB1
   "IR Range Finder.out" TIMERB0 ==> TIMERB0
   "IR Range Finder.out" NMI ==> NMI
   "IR Range Finder.out" .reset ==> .reset
Finished building: "IR Range Finder.out"
 

**** Build Finished ****

**** Build of configuration Debug for project IR Range Finder ****

"C:\\ti\\ccs930\\ccs\\utils\\bin\\gmake" -k -j 4 all -O 
 
Building file: "../main.c"
Invoking: MSP430 Compiler
"C:/ti/ccs930/ccs/tools/compiler/ti-cgt-msp430_20.2.0.LTS/bin/cl430" -vmsp --use_hw_mpy=16 --include_path="C:/ti/ccs930/ccs/ccs_base/msp430/include" --include_path="D:/Current Works/GP2Y0E03 Short Range IR Rangefinder Demo/IR Range Finder/Libraries" --include_path="D:/Current Works/GP2Y0E03 Short Range IR Rangefinder Demo/IR Range Finder" --include_path="C:/ti/ccs930/ccs/tools/compiler/ti-cgt-msp430_20.2.0.LTS/include" --advice:power=all --define=__MSP430F149__ -g --printf_support=minimal --diag_warning=225 --diag_wrap=off --display_error_number --preproc_with_compile --preproc_dependency="main.d_raw"  "../main.c"
"../main.c", line 27: remark #1528-D: (ULP 3.1) Detected flag polling using ADC12IFG. Recommend using an interrupt combined with enter LPMx and ISR
"../main.c", line 24: remark #1544-D: (ULP 13.1) Detected loop counting up. Recommend loops count down as detecting zeros is easier
"../main.c", line 88: remark #1527-D: (ULP 2.1) Detected SW delay loop using __delay_cycles. Recommend using a timer module instead
"../main.c", line 35 (col. 11): remark #1531-D: (ULP 5.2) Detected floating point operation(s). Recommend moving them to RAM during run time or not using as these are processing/power intensive
"../main.c", line 36 (col. 16): remark #1531-D: (ULP 5.2) Detected floating point operation(s). Recommend moving them to RAM during run time or not using as these are processing/power intensive
Finished building: "../main.c"
 
Building target: "IR Range Finder.out"
Invoking: MSP430 Linker
"C:/ti/ccs930/ccs/tools/compiler/ti-cgt-msp430_20.2.0.LTS/bin/cl430" -vmsp --use_hw_mpy=16 --advice:power=all --define=__MSP430F149__ -g --printf_support=minimal --diag_warning=225 --diag_wrap=off --display_error_number -z -m"IR Range Finder.map" --heap_size=80 --stack_size=80 -i"C:/ti/ccs930/ccs/ccs_base/msp430/include" -i"C:/ti/ccs930/ccs/tools/compiler/ti-cgt-msp430_20.2.0.LTS/lib" -i"C:/ti/ccs930/ccs/tools/compiler/ti-cgt-msp430_20.2.0.LTS/include" --reread_libs --diag_wrap=off --display_error_number --warn_sections --xml_link_info="IR Range Finder_linkInfo.xml" --use_hw_mpy=16 --rom_model -o "IR Range Finder.out" "./main.obj" "./Libraries/delay.obj" "./Libraries/lcd.obj" "./Libraries/lcd_print.obj" "../lnk_msp430f149.cmd"  -llibc.a 
<Linking>
remark #10371-D: (ULP 1.1) Detected no uses of low power mode state changing instructions
Finished building target: "IR Range Finder.out"
 
Building files: "IR Range Finder.out"
Invoking: MSP430 Hex Utility
"C:/ti/ccs930/ccs/tools/compiler/ti-cgt-msp430_20.2.0.LTS/bin/hex430" --memwidth=8 --romwidth=8 --intel -o "IR Range Finder.hex"  "IR Range Finder.out" 
Translating to Intel format...
   "IR Range Finder.out" .text ==> .text
   "IR Range Finder.out" .const ==> .const
   "IR Range Finder.out" PORT2 ==> PORT2
   "IR Range Finder.out" USART1TX ==> USART1TX
   "IR Range Finder.out" USART1RX ==> USART1RX
   "IR Range Finder.out" PORT1 ==> PORT1
   "IR Range Finder.out" TIMERA1 ==> TIMERA1
   "IR Range Finder.out" TIMERA0 ==> TIMERA0
   "IR Range Finder.out" ADC12 ==> ADC12
   "IR Range Finder.out" USART0TX ==> USART0TX
   "IR Range Finder.out" USART0RX ==> USART0RX
   "IR Range Finder.out" WDT ==> WDT
   "IR Range Finder.out" COMPARATORA ==> COMPARATORA
   "IR Range Finder.out" TIMERB1 ==> TIMERB1
   "IR Range Finder.out" TIMERB0 ==> TIMERB0
   "IR Range Finder.out" NMI ==> NMI
   "IR Range Finder.out" .reset ==> .reset
Finished building: "IR Range Finder.out"
 

**** Build Finished ****

**** Build of configuration Debug for project IR Range Finder ****

"C:\\ti\\ccs930\\ccs\\utils\\bin\\gmake" -k -j 4 all -O 
 
Building file: "../main.c"
Invoking: MSP430 Compiler
"C:/ti/ccs930/ccs/tools/compiler/ti-cgt-msp430_20.2.0.LTS/bin/cl430" -vmsp --use_hw_mpy=16 --include_path="C:/ti/ccs930/ccs/ccs_base/msp430/include" --include_path="D:/Current Works/GP2Y0E03 Short Range IR Rangefinder Demo/IR Range Finder/Libraries" --include_path="D:/Current Works/GP2Y0E03 Short Range IR Rangefinder Demo/IR Range Finder" --include_path="C:/ti/ccs930/ccs/tools/compiler/ti-cgt-msp430_20.2.0.LTS/include" --advice:power=all --define=__MSP430F149__ -g --printf_support=minimal --diag_warning=225 --diag_wrap=off --display_error_number --preproc_with_compile --preproc_dependency="main.d_raw"  "../main.c"
"../main.c", line 27: remark #1528-D: (ULP 3.1) Detected flag polling using ADC12IFG. Recommend using an interrupt combined with enter LPMx and ISR
"../main.c", line 24: remark #1544-D: (ULP 13.1) Detected loop counting up. Recommend loops count down as detecting zeros is easier
"../main.c", line 99: remark #1527-D: (ULP 2.1) Detected SW delay loop using __delay_cycles. Recommend using a timer module instead
"../main.c", line 35 (col. 11): remark #1531-D: (ULP 5.2) Detected floating point operation(s). Recommend moving them to RAM during run time or not using as these are processing/power intensive
"../main.c", line 37 (col. 14): remark #1531-D: (ULP 5.2) Detected floating point operation(s). Recommend moving them to RAM during run time or not using as these are processing/power intensive
"../main.c", line 39 (col. 15): remark #1531-D: (ULP 5.2) Detected floating point operation(s). Recommend moving them to RAM during run time or not using as these are processing/power intensive
"../main.c", line 42 (col. 14): remark #1531-D: (ULP 5.2) Detected floating point operation(s). Recommend moving them to RAM during run time or not using as these are processing/power intensive
"../main.c", line 44 (col. 15): remark #1531-D: (ULP 5.2) Detected floating point operation(s). Recommend moving them to RAM during run time or not using as these are processing/power intensive
"../main.c", line 47 (col. 16): remark #1531-D: (ULP 5.2) Detected floating point operation(s). Recommend moving them to RAM during run time or not using as these are processing/power intensive
Finished building: "../main.c"
 
Building target: "IR Range Finder.out"
Invoking: MSP430 Linker
"C:/ti/ccs930/ccs/tools/compiler/ti-cgt-msp430_20.2.0.LTS/bin/cl430" -vmsp --use_hw_mpy=16 --advice:power=all --define=__MSP430F149__ -g --printf_support=minimal --diag_warning=225 --diag_wrap=off --display_error_number -z -m"IR Range Finder.map" --heap_size=80 --stack_size=80 -i"C:/ti/ccs930/ccs/ccs_base/msp430/include" -i"C:/ti/ccs930/ccs/tools/compiler/ti-cgt-msp430_20.2.0.LTS/lib" -i"C:/ti/ccs930/ccs/tools/compiler/ti-cgt-msp430_20.2.0.LTS/include" --reread_libs --diag_wrap=off --display_error_number --warn_sections --xml_link_info="IR Range Finder_linkInfo.xml" --use_hw_mpy=16 --rom_model -o "IR Range Finder.out" "./main.obj" "./Libraries/delay.obj" "./Libraries/lcd.obj" "./Libraries/lcd_print.obj" "../lnk_msp430f149.cmd"  -llibc.a 
<Linking>
remark #10371-D: (ULP 1.1) Detected no uses of low power mode state changing instructions
Finished building target: "IR Range Finder.out"
 
Building files: "IR Range Finder.out"
Invoking: MSP430 Hex Utility
"C:/ti/ccs930/ccs/tools/compiler/ti-cgt-msp430_20.2.0.LTS/bin/hex430" --memwidth=8 --romwidth=8 --intel -o "IR Range Finder.hex"  "IR Range Finder.out" 
Translating to Intel format...
   "IR Range Finder.out" .text ==> .text
   "IR Range Finder.out" .const ==> .const
   "IR Range Finder.out" PORT2 ==> PORT2
   "IR Range Finder.out" USART1TX ==> USART1TX
   "IR Range Finder.out" USART1RX ==> USART1RX
   "IR Range Finder.out" PORT1 ==> PORT1
   "IR Range Finder.out" TIMERA1 ==> TIMERA1
   "IR Range Finder.out" TIMERA0 ==> TIMERA0
   "IR Range Finder.out" ADC12 ==> ADC12
   "IR Range Finder.out" USART0TX ==> USART0TX
   "IR Range Finder.out" USART0RX ==> USART0RX
   "IR Range Finder.out" WDT ==> WDT
   "IR Range Finder.out" COMPARATORA ==> COMPARATORA
   "IR Range Finder.out" TIMERB1 ==> TIMERB1
   "IR Range Finder.out" TIMERB0 ==> TIMERB0
   "IR Range Finder.out" NMI ==> NMI
   "IR Range Finder.out" .reset ==> .reset
Finished building: "IR Range Finder.out"
 

**** Build Finished ****

**** Build of configuration Debug for project IR Range Finder ****

"C:\\ti\\ccs930\\ccs\\utils\\bin\\gmake" -k -j 4 all -O 
 
Building file: "../main.c"
Invoking: MSP430 Compiler
"C:/ti/ccs930/ccs/tools/compiler/ti-cgt-msp430_20.2.0.LTS/bin/cl430" -vmsp --use_hw_mpy=16 --include_path="C:/ti/ccs930/ccs/ccs_base/msp430/include" --include_path="D:/Current Works/GP2Y0E03 Short Range IR Rangefinder Demo/IR Range Finder/Libraries" --include_path="D:/Current Works/GP2Y0E03 Short Range IR Rangefinder Demo/IR Range Finder" --include_path="C:/ti/ccs930/ccs/tools/compiler/ti-cgt-msp430_20.2.0.LTS/include" --advice:power=all --define=__MSP430F149__ -g --printf_support=minimal --diag_warning=225 --diag_wrap=off --display_error_number --preproc_with_compile --preproc_dependency="main.d_raw"  "../main.c"
"../main.c", line 27: remark #1528-D: (ULP 3.1) Detected flag polling using ADC12IFG. Recommend using an interrupt combined with enter LPMx and ISR
"../main.c", line 24: remark #1544-D: (ULP 13.1) Detected loop counting up. Recommend loops count down as detecting zeros is easier
"../main.c", line 99: remark #1527-D: (ULP 2.1) Detected SW delay loop using __delay_cycles. Recommend using a timer module instead
"../main.c", line 35 (col. 11): remark #1531-D: (ULP 5.2) Detected floating point operation(s). Recommend moving them to RAM during run time or not using as these are processing/power intensive
"../main.c", line 37 (col. 14): remark #1531-D: (ULP 5.2) Detected floating point operation(s). Recommend moving them to RAM during run time or not using as these are processing/power intensive
"../main.c", line 39 (col. 15): remark #1531-D: (ULP 5.2) Detected floating point operation(s). Recommend moving them to RAM during run time or not using as these are processing/power intensive
"../main.c", line 42 (col. 14): remark #1531-D: (ULP 5.2) Detected floating point operation(s). Recommend moving them to RAM during run time or not using as these are processing/power intensive
"../main.c", line 44 (col. 15): remark #1531-D: (ULP 5.2) Detected floating point operation(s). Recommend moving them to RAM during run time or not using as these are processing/power intensive
"../main.c", line 47 (col. 16): remark #1531-D: (ULP 5.2) Detected floating point operation(s). Recommend moving them to RAM during run time or not using as these are processing/power intensive
Finished building: "../main.c"
 
Building target: "IR Range Finder.out"
Invoking: MSP430 Linker
"C:/ti/ccs930/ccs/tools/compiler/ti-cgt-msp430_20.2.0.LTS/bin/cl430" -vmsp --use_hw_mpy=16 --advice:power=all --define=__MSP430F149__ -g --printf_support=minimal --diag_warning=225 --diag_wrap=off --display_error_number -z -m"IR Range Finder.map" --heap_size=80 --stack_size=80 -i"C:/ti/ccs930/ccs/ccs_base/msp430/include" -i"C:/ti/ccs930/ccs/tools/compiler/ti-cgt-msp430_20.2.0.LTS/lib" -i"C:/ti/ccs930/ccs/tools/compiler/ti-cgt-msp430_20.2.0.LTS/include" --reread_libs --diag_wrap=off --display_error_number --warn_sections --xml_link_info="IR Range Finder_linkInfo.xml" --use_hw_mpy=16 --rom_model -o "IR Range Finder.out" "./main.obj" "./Libraries/delay.obj" "./Libraries/lcd.obj" "./Libraries/lcd_print.obj" "../lnk_msp430f149.cmd"  -llibc.a 
<Linking>
remark #10371-D: (ULP 1.1) Detected no uses of low power mode state changing instructions
Finished building target: "IR Range Finder.out"
 
Building files: "IR Range Finder.out"
Invoking: MSP430 Hex Utility
"C:/ti/ccs930/ccs/tools/compiler/ti-cgt-msp430_20.2.0.LTS/bin/hex430" --memwidth=8 --romwidth=8 --intel -o "IR Range Finder.hex"  "IR Range Finder.out" 
Translating to Intel format...
   "IR Range Finder.out" .text ==> .text
   "IR Range Finder.out" .const ==> .const
   "IR Range Finder.out" PORT2 ==> PORT2
   "IR Range Finder.out" USART1TX ==> USART1TX
   "IR Range Finder.out" USART1RX ==> USART1RX
   "IR Range Finder.out" PORT1 ==> PORT1
   "IR Range Finder.out" TIMERA1 ==> TIMERA1
   "IR Range Finder.out" TIMERA0 ==> TIMERA0
   "IR Range Finder.out" ADC12 ==> ADC12
   "IR Range Finder.out" USART0TX ==> USART0TX
   "IR Range Finder.out" USART0RX ==> USART0RX
   "IR Range Finder.out" WDT ==> WDT
   "IR Range Finder.out" COMPARATORA ==> COMPARATORA
   "IR Range Finder.out" TIMERB1 ==> TIMERB1
   "IR Range Finder.out" TIMERB0 ==> TIMERB0
   "IR Range Finder.out" NMI ==> NMI
   "IR Range Finder.out" .reset ==> .reset
Finished building: "IR Range Finder.out"
 

**** Build Finished ****

**** Build of configuration Debug for project IR Range Finder ****

"C:\\ti\\ccs930\\ccs\\utils\\bin\\gmake" -k -j 4 all -O 
 
Building file: "../main.c"
Invoking: MSP430 Compiler
"C:/ti/ccs930/ccs/tools/compiler/ti-cgt-msp430_20.2.0.LTS/bin/cl430" -vmsp --use_hw_mpy=16 --include_path="C:/ti/ccs930/ccs/ccs_base/msp430/include" --include_path="D:/Current Works/GP2Y0E03 Short Range IR Rangefinder Demo/IR Range Finder/Libraries" --include_path="D:/Current Works/GP2Y0E03 Short Range IR Rangefinder Demo/IR Range Finder" --include_path="C:/ti/ccs930/ccs/tools/compiler/ti-cgt-msp430_20.2.0.LTS/include" --advice:power=all --define=__MSP430F149__ -g --printf_support=minimal --diag_warning=225 --diag_wrap=off --display_error_number --preproc_with_compile --preproc_dependency="main.d_raw"  "../main.c"
Finished building: "../main.c"
 
Building target: "IR Range Finder.out"
Invoking: MSP430 Linker
"C:/ti/ccs930/ccs/tools/compiler/ti-cgt-msp430_20.2.0.LTS/bin/cl430" -vmsp --use_hw_mpy=16 --advice:power=all --define=__MSP430F149__ -g --printf_support=minimal --diag_warning=225 --diag_wrap=off --display_error_number -z -m"IR Range Finder.map" --heap_size=80 --stack_size=80 -i"C:/ti/ccs930/ccs/ccs_base/msp430/include" -i"C:/ti/ccs930/ccs/tools/compiler/ti-cgt-msp430_20.2.0.LTS/lib" -i"C:/ti/ccs930/ccs/tools/compiler/ti-cgt-msp430_20.2.0.LTS/include" --reread_libs --diag_wrap=off --display_error_number --warn_sections --xml_link_info="IR Range Finder_linkInfo.xml" --use_hw_mpy=16 --rom_model -o "IR Range Finder.out" "./main.obj" "./Libraries/delay.obj" "./Libraries/lcd.obj" "./Libraries/lcd_print.obj" "../lnk_msp430f149.cmd"  -llibc.a 
<Linking>
"../main.c", line 27: remark #1528-D: (ULP 3.1) Detected flag polling using ADC12IFG. Recommend using an interrupt combined with enter LPMx and ISR
"../main.c", line 24: remark #1544-D: (ULP 13.1) Detected loop counting up. Recommend loops count down as detecting zeros is easier
"../main.c", line 99: remark #1527-D: (ULP 2.1) Detected SW delay loop using __delay_cycles. Recommend using a timer module instead
"../main.c", line 35 (col. 11): remark #1531-D: (ULP 5.2) Detected floating point operation(s). Recommend moving them to RAM during run time or not using as these are processing/power intensive
"../main.c", line 37 (col. 14): remark #1531-D: (ULP 5.2) Detected floating point operation(s). Recommend moving them to RAM during run time or not using as these are processing/power intensive
"../main.c", line 39 (col. 15): remark #1531-D: (ULP 5.2) Detected floating point operation(s). Recommend moving them to RAM during run time or not using as these are processing/power intensive
"../main.c", line 42 (col. 14): remark #1531-D: (ULP 5.2) Detected floating point operation(s). Recommend moving them to RAM during run time or not using as these are processing/power intensive
"../main.c", line 44 (col. 15): remark #1531-D: (ULP 5.2) Detected floating point operation(s). Recommend moving them to RAM during run time or not using as these are processing/power intensive
"../main.c", line 47 (col. 16): remark #1531-D: (ULP 5.2) Detected floating point operation(s). Recommend moving them to RAM during run time or not using as these are processing/power intensive
remark #10371-D: (ULP 1.1) Detected no uses of low power mode state changing instructions
Finished building target: "IR Range Finder.out"
 
Building files: "IR Range Finder.out"
Invoking: MSP430 Hex Utility
"C:/ti/ccs930/ccs/tools/compiler/ti-cgt-msp430_20.2.0.LTS/bin/hex430" --memwidth=8 --romwidth=8 --intel -o "IR Range Finder.hex"  "IR Range Finder.out" 
Translating to Intel format...
   "IR Range Finder.out" .text ==> .text
   "IR Range Finder.out" .const ==> .const
   "IR Range Finder.out" PORT2 ==> PORT2
   "IR Range Finder.out" USART1TX ==> USART1TX
   "IR Range Finder.out" USART1RX ==> USART1RX
   "IR Range Finder.out" PORT1 ==> PORT1
   "IR Range Finder.out" TIMERA1 ==> TIMERA1
   "IR Range Finder.out" TIMERA0 ==> TIMERA0
   "IR Range Finder.out" ADC12 ==> ADC12
   "IR Range Finder.out" USART0TX ==> USART0TX
   "IR Range Finder.out" USART0RX ==> USART0RX
   "IR Range Finder.out" WDT ==> WDT
   "IR Range Finder.out" COMPARATORA ==> COMPARATORA
   "IR Range Finder.out" TIMERB1 ==> TIMERB1
   "IR Range Finder.out" TIMERB0 ==> TIMERB0
   "IR Range Finder.out" NMI ==> NMI
   "IR Range Finder.out" .reset ==> .reset
Finished building: "IR Range Finder.out"
 

**** Build Finished ****
